
Turn 7
================================================================
warning: entity 3 was directed to use 8 halite to move east, but only 0 halite was available
At command 3 of 4:
    1   m 1 o
    2   m 2 e
>>> 3   m 3 e
    4   g


Turn 11
================================================================
warning: entity 5 was directed to use 9 halite to move east, but only 0 halite was available
At command 5 of 5:
    3   m 1 o
    4   m 4 w
>>> 5   m 5 e


Turn 13
================================================================
warning: entity 4 was directed to use 9 halite to move east, but only 6 halite was available
At command 5 of 5:
    3   m 2 o
    4   m 5 n
>>> 5   m 4 e


Turn 15
================================================================
warning: owned entities 4, 3 collided on cell (20, 17) as the result of moves on this turn
At command 2 of 5:
    1   m 2 w
>>> 2   m 4 w
    3   m 3 s
    4   m 1 o

Other commands that placed an entity on this cell:
    1   m 2 w
    2   m 4 w
>>> 3   m 3 s
    4   m 1 o
    5   m 5 e


Turn 16
================================================================
warning: entity 5 was directed to use 5 halite to move north, but only 4 halite was available
At command 3 of 3:
    1   m 1 o
    2   m 2 o
>>> 3   m 5 n


Turn 25
================================================================
warning: entity 5 was directed to use 9 halite to move north, but only 0 halite was available
At command 3 of 3:
    1   m 1 o
    2   m 2 o
>>> 3   m 5 n


Turn 53
================================================================
warning: entity 5 was directed to use 8 halite to move south, but only 4 halite was available
At command 3 of 3:
    1   m 2 w
    2   m 1 s
>>> 3   m 5 s


Turn 57
================================================================
warning: entity 5 was directed to use 9 halite to move north, but only 4 halite was available
At command 1 of 3:
>>> 1   m 5 n
    2   m 2 e
    3   m 1 s


Turn 62
================================================================
warning: entity 5 was directed to use 9 halite to move east, but only 6 halite was available
At command 3 of 3:
    1   m 1 o
    2   m 2 e
>>> 3   m 5 e


Turn 68
================================================================
warning: entity 5 was directed to use 8 halite to move south, but only 3 halite was available
At command 3 of 3:
    1   m 2 e
    2   m 1 o
>>> 3   m 5 s


Turn 72
================================================================
warning: entity 5 was directed to use 6 halite to move north, but only 4 halite was available
At command 3 of 3:
    1   m 2 n
    2   m 1 o
>>> 3   m 5 n


Turn 76
================================================================
warning: entity 5 was directed to use 9 halite to move east, but only 6 halite was available
At command 1 of 3:
>>> 1   m 5 e
    2   m 1 o
    3   m 2 s


Turn 354
================================================================
warning: owned entities 5, 1 collided on cell (20, 5) as the result of moves on this turn
At command 1 of 3:
>>> 1   m 5 e
    2   m 1 o
    3   m 2 o

