
Turn 3
================================================================
warning: entity 0 was directed to use 11 halite to move north, but only 0 halite was available
At command 1 of 1:
>>> 1   m 0 n


Turn 6
================================================================
warning: entity 0 was directed to use 11 halite to move north, but only 10 halite was available
At command 1 of 1:
>>> 1   m 0 n


Turn 9
================================================================
warning: entity 0 was directed to use 32 halite to move north, but only 1 halite was available
At command 1 of 1:
>>> 1   m 0 n


Turn 12
================================================================
warning: entity 0 was directed to use 57 halite to move north, but only 13 halite was available
At command 1 of 1:
>>> 1   m 0 n


Turn 15
================================================================
warning: entity 0 was directed to use 48 halite to move north, but only 15 halite was available
At command 1 of 1:
>>> 1   m 0 n


Turn 19
================================================================
warning: entity 0 was directed to use 19 halite to move north, but only 18 halite was available
At command 1 of 1:
>>> 1   m 0 n


Turn 33
================================================================
warning: entity 0 was directed to use 1 halite to move north, but only 0 halite was available
At command 1 of 1:
>>> 1   m 0 n


Turn 36
================================================================
warning: entity 0 was directed to use 9 halite to move north, but only 4 halite was available
At command 1 of 1:
>>> 1   m 0 n


Turn 43
================================================================
warning: entity 0 was directed to use 8 halite to move north, but only 0 halite was available
At command 1 of 1:
>>> 1   m 0 n


Turn 46
================================================================
warning: entity 0 was directed to use 8 halite to move north, but only 5 halite was available
At command 1 of 1:
>>> 1   m 0 n


Turn 48
================================================================
warning: entity 0 was directed to use 29 halite to move north, but only 20 halite was available
At command 1 of 1:
>>> 1   m 0 n


Turn 52
================================================================
warning: entity 0 was directed to use 42 halite to move north, but only 4 halite was available
At command 1 of 1:
>>> 1   m 0 n


Turn 54
================================================================
warning: entity 0 was directed to use 99 halite to move north, but only 79 halite was available
At command 1 of 1:
>>> 1   m 0 n


Turn 80
================================================================
warning: entity 0 was directed to use 6 halite to move north, but only 0 halite was available
At command 1 of 1:
>>> 1   m 0 n


Turn 83
================================================================
warning: entity 0 was directed to use 6 halite to move north, but only 1 halite was available
At command 1 of 1:
>>> 1   m 0 n


Turn 85
================================================================
warning: entity 0 was directed to use 21 halite to move north, but only 13 halite was available
At command 1 of 1:
>>> 1   m 0 n


Turn 88
================================================================
warning: entity 0 was directed to use 44 halite to move north, but only 28 halite was available
At command 1 of 1:
>>> 1   m 0 n


Turn 92
================================================================
warning: entity 0 was directed to use 36 halite to move north, but only 0 halite was available
At command 1 of 1:
>>> 1   m 0 n


Turn 95
================================================================
warning: entity 0 was directed to use 41 halite to move north, but only 22 halite was available
At command 1 of 1:
>>> 1   m 0 n


Turn 118
================================================================
warning: entity 0 was directed to use 4 halite to move north, but only 0 halite was available
At command 1 of 1:
>>> 1   m 0 n


Turn 120
================================================================
warning: entity 0 was directed to use 11 halite to move north, but only 9 halite was available
At command 1 of 1:
>>> 1   m 0 n


Turn 124
================================================================
warning: entity 0 was directed to use 24 halite to move north, but only 9 halite was available
At command 1 of 1:
>>> 1   m 0 n


Turn 127
================================================================
warning: entity 0 was directed to use 32 halite to move north, but only 18 halite was available
At command 1 of 1:
>>> 1   m 0 n


Turn 130
================================================================
warning: entity 0 was directed to use 27 halite to move north, but only 0 halite was available
At command 1 of 1:
>>> 1   m 0 n


Turn 133
================================================================
warning: entity 0 was directed to use 31 halite to move north, but only 6 halite was available
At command 1 of 1:
>>> 1   m 0 n


Turn 145
================================================================
warning: entity 0 was directed to use 1 halite to move north, but only 0 halite was available
At command 1 of 1:
>>> 1   m 0 n


Turn 148
================================================================
warning: entity 0 was directed to use 2 halite to move north, but only 1 halite was available
At command 1 of 1:
>>> 1   m 0 n


Turn 152
================================================================
warning: entity 0 was directed to use 7 halite to move north, but only 6 halite was available
At command 1 of 1:
>>> 1   m 0 n


Turn 159
================================================================
warning: entity 0 was directed to use 3 halite to move north, but only 0 halite was available
At command 1 of 1:
>>> 1   m 0 n


Turn 161
================================================================
warning: entity 0 was directed to use 8 halite to move north, but only 7 halite was available
At command 1 of 1:
>>> 1   m 0 n


Turn 165
================================================================
warning: entity 0 was directed to use 18 halite to move north, but only 2 halite was available
At command 1 of 1:
>>> 1   m 0 n


Turn 168
================================================================
warning: entity 0 was directed to use 24 halite to move north, but only 1 halite was available
At command 1 of 1:
>>> 1   m 0 n


Turn 170
================================================================
warning: entity 0 was directed to use 74 halite to move north, but only 43 halite was available
At command 1 of 1:
>>> 1   m 0 n


Turn 196
================================================================
warning: entity 0 was directed to use 2 halite to move north, but only 0 halite was available
At command 1 of 1:
>>> 1   m 0 n


Turn 199
================================================================
warning: entity 0 was directed to use 4 halite to move north, but only 0 halite was available
At command 1 of 1:
>>> 1   m 0 n


Turn 201
================================================================
warning: entity 0 was directed to use 16 halite to move north, but only 9 halite was available
At command 1 of 1:
>>> 1   m 0 n


Turn 204
================================================================
warning: entity 0 was directed to use 33 halite to move north, but only 25 halite was available
At command 1 of 1:
>>> 1   m 0 n


Turn 208
================================================================
warning: entity 0 was directed to use 20 halite to move north, but only 10 halite was available
At command 1 of 1:
>>> 1   m 0 n


Turn 211
================================================================
warning: entity 0 was directed to use 23 halite to move north, but only 4 halite was available
At command 1 of 1:
>>> 1   m 0 n


Turn 220
================================================================
warning: entity 0 was directed to use 8 halite to move north, but only 2 halite was available
At command 1 of 1:
>>> 1   m 0 n


Turn 230
================================================================
warning: entity 0 was directed to use 3 halite to move north, but only 0 halite was available
At command 1 of 1:
>>> 1   m 0 n


Turn 236
================================================================
warning: entity 0 was directed to use 1 halite to move north, but only 0 halite was available
At command 1 of 1:
>>> 1   m 0 n


Turn 238
================================================================
warning: entity 0 was directed to use 6 halite to move north, but only 4 halite was available
At command 1 of 1:
>>> 1   m 0 n


Turn 242
================================================================
warning: entity 0 was directed to use 13 halite to move north, but only 1 halite was available
At command 1 of 1:
>>> 1   m 0 n


Turn 245
================================================================
warning: entity 0 was directed to use 18 halite to move north, but only 1 halite was available
At command 1 of 1:
>>> 1   m 0 n


Turn 247
================================================================
warning: entity 0 was directed to use 56 halite to move north, but only 33 halite was available
At command 1 of 1:
>>> 1   m 0 n


Turn 261
================================================================
warning: entity 0 was directed to use 6 halite to move north, but only 4 halite was available
At command 1 of 1:
>>> 1   m 0 n


Turn 274
================================================================
warning: entity 0 was directed to use 1 halite to move north, but only 0 halite was available
At command 1 of 1:
>>> 1   m 0 n


Turn 276
================================================================
warning: entity 0 was directed to use 4 halite to move north, but only 3 halite was available
At command 1 of 1:
>>> 1   m 0 n


Turn 279
================================================================
warning: entity 0 was directed to use 12 halite to move north, but only 9 halite was available
At command 1 of 1:
>>> 1   m 0 n


Turn 282
================================================================
warning: entity 0 was directed to use 24 halite to move north, but only 21 halite was available
At command 1 of 1:
>>> 1   m 0 n


Turn 286
================================================================
warning: entity 0 was directed to use 15 halite to move north, but only 11 halite was available
At command 1 of 1:
>>> 1   m 0 n


Turn 288
================================================================
warning: entity 0 was directed to use 43 halite to move north, but only 39 halite was available
At command 1 of 1:
>>> 1   m 0 n


Turn 312
================================================================
warning: entity 0 was directed to use 1 halite to move north, but only 0 halite was available
At command 1 of 1:
>>> 1   m 0 n


Turn 315
================================================================
warning: entity 0 was directed to use 3 halite to move north, but only 0 halite was available
At command 1 of 1:
>>> 1   m 0 n


Turn 317
================================================================
warning: entity 0 was directed to use 9 halite to move north, but only 7 halite was available
At command 1 of 1:
>>> 1   m 0 n


Turn 320
================================================================
warning: entity 0 was directed to use 18 halite to move north, but only 14 halite was available
At command 1 of 1:
>>> 1   m 0 n


Turn 323
================================================================
warning: entity 0 was directed to use 42 halite to move north, but only 35 halite was available
At command 1 of 1:
>>> 1   m 0 n


Turn 335
================================================================
warning: entity 0 was directed to use 6 halite to move north, but only 5 halite was available
At command 1 of 1:
>>> 1   m 0 n


Turn 346
================================================================
warning: entity 0 was directed to use 3 halite to move north, but only 0 halite was available
At command 1 of 1:
>>> 1   m 0 n


Turn 352
================================================================
warning: entity 0 was directed to use 3 halite to move north, but only 0 halite was available
At command 1 of 1:
>>> 1   m 0 n


Turn 355
================================================================
warning: entity 0 was directed to use 6 halite to move north, but only 5 halite was available
At command 1 of 1:
>>> 1   m 0 n


Turn 358
================================================================
warning: entity 0 was directed to use 13 halite to move north, but only 8 halite was available
At command 1 of 1:
>>> 1   m 0 n


Turn 361
================================================================
warning: entity 0 was directed to use 31 halite to move north, but only 20 halite was available
At command 1 of 1:
>>> 1   m 0 n


Turn 367
================================================================
warning: entity 0 was directed to use 8 halite to move north, but only 2 halite was available
At command 1 of 1:
>>> 1   m 0 n


Turn 373
================================================================
warning: entity 0 was directed to use 9 halite to move north, but only 5 halite was available
At command 1 of 1:
>>> 1   m 0 n


Turn 387
================================================================
warning: entity 0 was directed to use 2 halite to move north, but only 0 halite was available
At command 1 of 1:
>>> 1   m 0 n


Turn 391
================================================================
warning: entity 0 was directed to use 2 halite to move north, but only 0 halite was available
At command 1 of 1:
>>> 1   m 0 n


Turn 394
================================================================
warning: entity 0 was directed to use 5 halite to move north, but only 3 halite was available
At command 1 of 1:
>>> 1   m 0 n


Turn 397
================================================================
warning: entity 0 was directed to use 10 halite to move north, but only 3 halite was available
At command 1 of 1:
>>> 1   m 0 n


Turn 400
================================================================
warning: entity 0 was directed to use 23 halite to move north, but only 9 halite was available
At command 1 of 1:
>>> 1   m 0 n

