
Turn 3
================================================================
warning: entity 0 was directed to use 25 halite to move north, but only 0 halite was available
At command 1 of 1:
>>> 1   m 0 n


Turn 8
================================================================
warning: entity 0 was directed to use 33 halite to move north, but only 28 halite was available
At command 1 of 1:
>>> 1   m 0 n


Turn 11
================================================================
warning: entity 0 was directed to use 84 halite to move north, but only 48 halite was available
At command 1 of 1:
>>> 1   m 0 n


Turn 16
================================================================
warning: entity 0 was directed to use 75 halite to move north, but only 23 halite was available
At command 1 of 1:
>>> 1   m 0 n


Turn 27
================================================================
warning: entity 0 was directed to use 7 halite to move north, but only 4 halite was available
At command 1 of 1:
>>> 1   m 0 n


Turn 33
================================================================
warning: entity 0 was directed to use 8 halite to move north, but only 5 halite was available
At command 1 of 1:
>>> 1   m 0 n


Turn 36
================================================================
warning: entity 0 was directed to use 59 halite to move north, but only 3 halite was available
At command 1 of 1:
>>> 1   m 0 n


Turn 40
================================================================
warning: entity 0 was directed to use 17 halite to move north, but only 2 halite was available
At command 1 of 1:
>>> 1   m 0 n


Turn 43
================================================================
warning: entity 0 was directed to use 18 halite to move north, but only 0 halite was available
At command 1 of 1:
>>> 1   m 0 n


Turn 48
================================================================
warning: entity 0 was directed to use 24 halite to move north, but only 17 halite was available
At command 1 of 1:
>>> 1   m 0 n


Turn 51
================================================================
warning: entity 0 was directed to use 63 halite to move north, but only 22 halite was available
At command 1 of 1:
>>> 1   m 0 n


Turn 54
================================================================
warning: entity 0 was directed to use 45 halite to move north, but only 35 halite was available
At command 1 of 1:
>>> 1   m 0 n


Turn 58
================================================================
warning: entity 0 was directed to use 53 halite to move north, but only 30 halite was available
At command 1 of 1:
>>> 1   m 0 n


Turn 74
================================================================
warning: entity 0 was directed to use 17 halite to move north, but only 2 halite was available
At command 1 of 1:
>>> 1   m 0 n


Turn 76
================================================================
warning: entity 0 was directed to use 44 halite to move north, but only 34 halite was available
At command 1 of 1:
>>> 1   m 0 n


Turn 80
================================================================
warning: entity 0 was directed to use 12 halite to move north, but only 6 halite was available
At command 1 of 1:
>>> 1   m 0 n


Turn 83
================================================================
warning: entity 0 was directed to use 14 halite to move north, but only 0 halite was available
At command 1 of 1:
>>> 1   m 0 n


Turn 88
================================================================
warning: entity 0 was directed to use 18 halite to move north, but only 9 halite was available
At command 1 of 1:
>>> 1   m 0 n


Turn 91
================================================================
warning: entity 0 was directed to use 47 halite to move north, but only 4 halite was available
At command 1 of 1:
>>> 1   m 0 n


Turn 93
================================================================
warning: entity 0 was directed to use 99 halite to move north, but only 88 halite was available
At command 1 of 1:
>>> 1   m 0 n


Turn 109
================================================================
warning: entity 0 was directed to use 1 halite to move north, but only 0 halite was available
At command 1 of 1:
>>> 1   m 0 n


Turn 112
================================================================
warning: entity 0 was directed to use 11 halite to move north, but only 3 halite was available
At command 1 of 1:
>>> 1   m 0 n


Turn 116
================================================================
warning: entity 0 was directed to use 33 halite to move north, but only 4 halite was available
At command 1 of 1:
>>> 1   m 0 n


Turn 119
================================================================
warning: entity 0 was directed to use 76 halite to move north, but only 32 halite was available
At command 1 of 1:
>>> 1   m 0 n


Turn 123
================================================================
warning: entity 0 was directed to use 10 halite to move north, but only 0 halite was available
At command 1 of 1:
>>> 1   m 0 n


Turn 128
================================================================
warning: entity 0 was directed to use 13 halite to move north, but only 3 halite was available
At command 1 of 1:
>>> 1   m 0 n


Turn 130
================================================================
warning: entity 0 was directed to use 39 halite to move north, but only 28 halite was available
At command 1 of 1:
>>> 1   m 0 n


Turn 133
================================================================
warning: entity 0 was directed to use 74 halite to move north, but only 64 halite was available
At command 1 of 1:
>>> 1   m 0 n


Turn 139
================================================================
warning: entity 0 was directed to use 41 halite to move north, but only 36 halite was available
At command 1 of 1:
>>> 1   m 0 n


Turn 155
================================================================
warning: entity 0 was directed to use 25 halite to move north, but only 18 halite was available
At command 1 of 1:
>>> 1   m 0 n


Turn 158
================================================================
warning: entity 0 was directed to use 57 halite to move north, but only 32 halite was available
At command 1 of 1:
>>> 1   m 0 n


Turn 162
================================================================
warning: entity 0 was directed to use 7 halite to move north, but only 0 halite was available
At command 1 of 1:
>>> 1   m 0 n


Turn 166
================================================================
warning: entity 0 was directed to use 6 halite to move north, but only 4 halite was available
At command 1 of 1:
>>> 1   m 0 n


Turn 169
================================================================
warning: entity 0 was directed to use 29 halite to move north, but only 6 halite was available
At command 1 of 1:
>>> 1   m 0 n


Turn 172
================================================================
warning: entity 0 was directed to use 55 halite to move north, but only 24 halite was available
At command 1 of 1:
>>> 1   m 0 n


Turn 177
================================================================
warning: entity 0 was directed to use 40 halite to move north, but only 4 halite was available
At command 1 of 1:
>>> 1   m 0 n


Turn 185
================================================================
warning: entity 0 was directed to use 14 halite to move north, but only 1 halite was available
At command 1 of 1:
>>> 1   m 0 n


Turn 194
================================================================
warning: entity 0 was directed to use 13 halite to move north, but only 7 halite was available
At command 1 of 1:
>>> 1   m 0 n


Turn 197
================================================================
warning: entity 0 was directed to use 31 halite to move north, but only 13 halite was available
At command 1 of 1:
>>> 1   m 0 n


Turn 202
================================================================
warning: entity 0 was directed to use 5 halite to move north, but only 0 halite was available
At command 1 of 1:
>>> 1   m 0 n


Turn 206
================================================================
warning: entity 0 was directed to use 4 halite to move north, but only 0 halite was available
At command 1 of 1:
>>> 1   m 0 n


Turn 208
================================================================
warning: entity 0 was directed to use 10 halite to move north, but only 9 halite was available
At command 1 of 1:
>>> 1   m 0 n


Turn 211
================================================================
warning: entity 0 was directed to use 35 halite to move north, but only 6 halite was available
At command 1 of 1:
>>> 1   m 0 n


Turn 214
================================================================
warning: entity 0 was directed to use 33 halite to move north, but only 28 halite was available
At command 1 of 1:
>>> 1   m 0 n


Turn 218
================================================================
warning: entity 0 was directed to use 30 halite to move north, but only 2 halite was available
At command 1 of 1:
>>> 1   m 0 n


Turn 222
================================================================
warning: entity 0 was directed to use 18 halite to move north, but only 11 halite was available
At command 1 of 1:
>>> 1   m 0 n


Turn 235
================================================================
warning: entity 0 was directed to use 9 halite to move north, but only 1 halite was available
At command 1 of 1:
>>> 1   m 0 n


Turn 238
================================================================
warning: entity 0 was directed to use 23 halite to move north, but only 1 halite was available
At command 1 of 1:
>>> 1   m 0 n


Turn 241
================================================================
warning: entity 0 was directed to use 9 halite to move north, but only 1 halite was available
At command 1 of 1:
>>> 1   m 0 n


Turn 244
================================================================
warning: entity 0 was directed to use 4 halite to move north, but only 0 halite was available
At command 1 of 1:
>>> 1   m 0 n


Turn 247
================================================================
warning: entity 0 was directed to use 6 halite to move north, but only 3 halite was available
At command 1 of 1:
>>> 1   m 0 n


Turn 251
================================================================
warning: entity 0 was directed to use 22 halite to move north, but only 5 halite was available
At command 1 of 1:
>>> 1   m 0 n


Turn 254
================================================================
warning: entity 0 was directed to use 41 halite to move north, but only 19 halite was available
At command 1 of 1:
>>> 1   m 0 n


Turn 258
================================================================
warning: entity 0 was directed to use 56 halite to move north, but only 38 halite was available
At command 1 of 1:
>>> 1   m 0 n


Turn 276
================================================================
warning: entity 0 was directed to use 18 halite to move north, but only 8 halite was available
At command 1 of 1:
>>> 1   m 0 n


Turn 279
================================================================
warning: entity 0 was directed to use 42 halite to move north, but only 25 halite was available
At command 1 of 1:
>>> 1   m 0 n


Turn 283
================================================================
warning: entity 0 was directed to use 3 halite to move north, but only 0 halite was available
At command 1 of 1:
>>> 1   m 0 n


Turn 286
================================================================
warning: entity 0 was directed to use 5 halite to move north, but only 1 halite was available
At command 1 of 1:
>>> 1   m 0 n


Turn 290
================================================================
warning: entity 0 was directed to use 16 halite to move north, but only 1 halite was available
At command 1 of 1:
>>> 1   m 0 n


Turn 293
================================================================
warning: entity 0 was directed to use 31 halite to move north, but only 5 halite was available
At command 1 of 1:
>>> 1   m 0 n


Turn 297
================================================================
warning: entity 0 was directed to use 42 halite to move north, but only 6 halite was available
At command 1 of 1:
>>> 1   m 0 n


Turn 303
================================================================
warning: entity 0 was directed to use 5 halite to move north, but only 1 halite was available
At command 1 of 1:
>>> 1   m 0 n


Turn 307
================================================================
warning: entity 0 was directed to use 10 halite to move north, but only 5 halite was available
At command 1 of 1:
>>> 1   m 0 n


Turn 316
================================================================
warning: entity 0 was directed to use 7 halite to move north, but only 3 halite was available
At command 1 of 1:
>>> 1   m 0 n


Turn 319
================================================================
warning: entity 0 was directed to use 17 halite to move north, but only 3 halite was available
At command 1 of 1:
>>> 1   m 0 n


Turn 322
================================================================
warning: entity 0 was directed to use 7 halite to move north, but only 2 halite was available
At command 1 of 1:
>>> 1   m 0 n


Turn 325
================================================================
warning: entity 0 was directed to use 2 halite to move north, but only 0 halite was available
At command 1 of 1:
>>> 1   m 0 n


Turn 328
================================================================
warning: entity 0 was directed to use 3 halite to move north, but only 0 halite was available
At command 1 of 1:
>>> 1   m 0 n


Turn 331
================================================================
warning: entity 0 was directed to use 7 halite to move north, but only 5 halite was available
At command 1 of 1:
>>> 1   m 0 n


Turn 334
================================================================
warning: entity 0 was directed to use 26 halite to move north, but only 8 halite was available
At command 1 of 1:
>>> 1   m 0 n


Turn 338
================================================================
warning: entity 0 was directed to use 30 halite to move north, but only 8 halite was available
At command 1 of 1:
>>> 1   m 0 n


Turn 342
================================================================
warning: entity 0 was directed to use 31 halite to move north, but only 9 halite was available
At command 1 of 1:
>>> 1   m 0 n


Turn 356
================================================================
warning: entity 0 was directed to use 6 halite to move north, but only 4 halite was available
At command 1 of 1:
>>> 1   m 0 n


Turn 359
================================================================
warning: entity 0 was directed to use 14 halite to move north, but only 11 halite was available
At command 1 of 1:
>>> 1   m 0 n


Turn 362
================================================================
warning: entity 0 was directed to use 32 halite to move north, but only 24 halite was available
At command 1 of 1:
>>> 1   m 0 n


Turn 366
================================================================
warning: entity 0 was directed to use 1 halite to move north, but only 0 halite was available
At command 1 of 1:
>>> 1   m 0 n


Turn 368
================================================================
warning: entity 0 was directed to use 5 halite to move north, but only 4 halite was available
At command 1 of 1:
>>> 1   m 0 n


Turn 373
================================================================
warning: entity 0 was directed to use 12 halite to move north, but only 4 halite was available
At command 1 of 1:
>>> 1   m 0 n


Turn 376
================================================================
warning: entity 0 was directed to use 23 halite to move north, but only 8 halite was available
At command 1 of 1:
>>> 1   m 0 n


Turn 380
================================================================
warning: entity 0 was directed to use 31 halite to move north, but only 2 halite was available
At command 1 of 1:
>>> 1   m 0 n


Turn 384
================================================================
warning: entity 0 was directed to use 14 halite to move north, but only 13 halite was available
At command 1 of 1:
>>> 1   m 0 n


Turn 396
================================================================
warning: entity 0 was directed to use 8 halite to move north, but only 0 halite was available
At command 1 of 1:
>>> 1   m 0 n


Turn 400
================================================================
warning: entity 0 was directed to use 10 halite to move north, but only 6 halite was available
At command 1 of 1:
>>> 1   m 0 n

