
Turn 3
================================================================
warning: entity 1 was directed to use 7 halite to move west, but only 0 halite was available
At command 1 of 2:
>>> 1   m 1 w
    2   g


Turn 5
================================================================
warning: entity 2 was directed to use 5 halite to move west, but only 0 halite was available
At command 2 of 2:
    1   m 1 n
>>> 2   m 2 w

warning: owned entities 1, 2 collided on cell (23, 15) as the result of moves on this turn
At command 1 of 2:
>>> 1   m 1 n
    2   m 2 w


Turn 8
================================================================
warning: entity 3 was directed to use 5 halite to move south, but only 0 halite was available
At command 1 of 2:
>>> 1   m 3 s
    2   g


Turn 10
================================================================
warning: entity 4 was directed to use 3 halite to move south, but only 0 halite was available
At command 2 of 3:
    1   m 3 n
>>> 2   m 4 s
    3   g


Turn 17
================================================================
warning: entity 5 was directed to use 2 halite to move west, but only 0 halite was available
At command 1 of 3:
>>> 1   m 5 w
    2   m 4 e
    3   m 3 s


Turn 20
================================================================
warning: entity 5 was directed to use 2 halite to move south, but only 0 halite was available
At command 1 of 3:
>>> 1   m 5 s
    2   m 3 o
    3   m 4 w

warning: owned entities 4, 3 collided on cell (23, 13) as the result of moves on this turn
At command 3 of 3:
    1   m 5 s
    2   m 3 o
>>> 3   m 4 w


Turn 22
================================================================
warning: entity 5 was directed to use 8 halite to move north, but only 5 halite was available
At command 1 of 1:
>>> 1   m 5 n


Turn 27
================================================================
warning: entity 5 was directed to use 5 halite to move south, but only 1 halite was available
At command 1 of 1:
>>> 1   m 5 s


Turn 31
================================================================
warning: entity 5 was directed to use 5 halite to move east, but only 4 halite was available
At command 1 of 1:
>>> 1   m 5 e


Turn 35
================================================================
warning: entity 5 was directed to use 5 halite to move north, but only 3 halite was available
At command 1 of 1:
>>> 1   m 5 n

