
Turn 3
================================================================
warning: entity 0 was directed to use 22 halite to move north, but only 0 halite was available
At command 1 of 1:
>>> 1   m 0 n


Turn 6
================================================================
warning: entity 0 was directed to use 27 halite to move north, but only 17 halite was available
At command 1 of 1:
>>> 1   m 0 n


Turn 9
================================================================
warning: entity 0 was directed to use 36 halite to move north, but only 1 halite was available
At command 1 of 1:
>>> 1   m 0 n


Turn 12
================================================================
warning: entity 0 was directed to use 30 halite to move north, but only 0 halite was available
At command 1 of 1:
>>> 1   m 0 n


Turn 15
================================================================
warning: entity 0 was directed to use 39 halite to move north, but only 17 halite was available
At command 1 of 1:
>>> 1   m 0 n


Turn 19
================================================================
warning: entity 0 was directed to use 40 halite to move north, but only 9 halite was available
At command 1 of 1:
>>> 1   m 0 n


Turn 22
================================================================
warning: entity 0 was directed to use 66 halite to move north, but only 34 halite was available
At command 1 of 1:
>>> 1   m 0 n


Turn 25
================================================================
warning: entity 0 was directed to use 92 halite to move north, but only 76 halite was available
At command 1 of 1:
>>> 1   m 0 n


Turn 43
================================================================
warning: entity 0 was directed to use 17 halite to move north, but only 0 halite was available
At command 1 of 1:
>>> 1   m 0 n


Turn 46
================================================================
warning: entity 0 was directed to use 20 halite to move north, but only 8 halite was available
At command 1 of 1:
>>> 1   m 0 n


Turn 48
================================================================
warning: entity 0 was directed to use 65 halite to move north, but only 45 halite was available
At command 1 of 1:
>>> 1   m 0 n


Turn 54
================================================================
warning: entity 0 was directed to use 29 halite to move north, but only 8 halite was available
At command 1 of 1:
>>> 1   m 0 n


Turn 57
================================================================
warning: entity 0 was directed to use 29 halite to move north, but only 11 halite was available
At command 1 of 1:
>>> 1   m 0 n


Turn 60
================================================================
warning: entity 0 was directed to use 46 halite to move north, but only 34 halite was available
At command 1 of 1:
>>> 1   m 0 n


Turn 63
================================================================
warning: entity 0 was directed to use 75 halite to move north, but only 67 halite was available
At command 1 of 1:
>>> 1   m 0 n


Turn 80
================================================================
warning: entity 0 was directed to use 14 halite to move north, but only 0 halite was available
At command 1 of 1:
>>> 1   m 0 n


Turn 83
================================================================
warning: entity 0 was directed to use 12 halite to move north, but only 0 halite was available
At command 1 of 1:
>>> 1   m 0 n


Turn 86
================================================================
warning: entity 0 was directed to use 15 halite to move north, but only 0 halite was available
At command 1 of 1:
>>> 1   m 0 n


Turn 88
================================================================
warning: entity 0 was directed to use 48 halite to move north, but only 28 halite was available
At command 1 of 1:
>>> 1   m 0 n


Turn 92
================================================================
warning: entity 0 was directed to use 22 halite to move north, but only 21 halite was available
At command 1 of 1:
>>> 1   m 0 n


Turn 96
================================================================
warning: entity 0 was directed to use 50 halite to move north, but only 2 halite was available
At command 1 of 1:
>>> 1   m 0 n


Turn 101
================================================================
warning: entity 0 was directed to use 50 halite to move north, but only 5 halite was available
At command 1 of 1:
>>> 1   m 0 n


Turn 104
================================================================
warning: entity 0 was directed to use 69 halite to move north, but only 37 halite was available
At command 1 of 1:
>>> 1   m 0 n


Turn 122
================================================================
warning: entity 0 was directed to use 9 halite to move north, but only 0 halite was available
At command 1 of 1:
>>> 1   m 0 n


Turn 124
================================================================
warning: entity 0 was directed to use 23 halite to move north, but only 17 halite was available
At command 1 of 1:
>>> 1   m 0 n


Turn 128
================================================================
warning: entity 0 was directed to use 27 halite to move north, but only 13 halite was available
At command 1 of 1:
>>> 1   m 0 n


Turn 130
================================================================
warning: entity 0 was directed to use 66 halite to move north, but only 62 halite was available
At command 1 of 1:
>>> 1   m 0 n


Turn 138
================================================================
warning: entity 0 was directed to use 34 halite to move north, but only 14 halite was available
At command 1 of 1:
>>> 1   m 0 n


Turn 141
================================================================
warning: entity 0 was directed to use 56 halite to move north, but only 39 halite was available
At command 1 of 1:
>>> 1   m 0 n


Turn 147
================================================================
warning: entity 0 was directed to use 3 halite to move north, but only 0 halite was available
At command 1 of 1:
>>> 1   m 0 n


Turn 154
================================================================
warning: entity 0 was directed to use 6 halite to move north, but only 0 halite was available
At command 1 of 1:
>>> 1   m 0 n


Turn 158
================================================================
warning: entity 0 was directed to use 13 halite to move north, but only 5 halite was available
At command 1 of 1:
>>> 1   m 0 n


Turn 163
================================================================
warning: entity 0 was directed to use 7 halite to move north, but only 0 halite was available
At command 1 of 1:
>>> 1   m 0 n


Turn 165
================================================================
warning: entity 0 was directed to use 17 halite to move north, but only 13 halite was available
At command 1 of 1:
>>> 1   m 0 n


Turn 168
================================================================
warning: entity 0 was directed to use 36 halite to move north, but only 34 halite was available
At command 1 of 1:
>>> 1   m 0 n


Turn 173
================================================================
warning: entity 0 was directed to use 37 halite to move north, but only 12 halite was available
At command 1 of 1:
>>> 1   m 0 n


Turn 177
================================================================
warning: entity 0 was directed to use 22 halite to move north, but only 19 halite was available
At command 1 of 1:
>>> 1   m 0 n


Turn 181
================================================================
warning: entity 0 was directed to use 37 halite to move north, but only 3 halite was available
At command 1 of 1:
>>> 1   m 0 n


Turn 184
================================================================
warning: entity 0 was directed to use 51 halite to move north, but only 27 halite was available
At command 1 of 1:
>>> 1   m 0 n


Turn 199
================================================================
warning: entity 0 was directed to use 9 halite to move north, but only 3 halite was available
At command 1 of 1:
>>> 1   m 0 n


Turn 203
================================================================
warning: entity 0 was directed to use 5 halite to move north, but only 0 halite was available
At command 1 of 1:
>>> 1   m 0 n


Turn 205
================================================================
warning: entity 0 was directed to use 13 halite to move north, but only 11 halite was available
At command 1 of 1:
>>> 1   m 0 n


Turn 208
================================================================
warning: entity 0 was directed to use 27 halite to move north, but only 24 halite was available
At command 1 of 1:
>>> 1   m 0 n


Turn 212
================================================================
warning: entity 0 was directed to use 17 halite to move north, but only 3 halite was available
At command 1 of 1:
>>> 1   m 0 n


Turn 215
================================================================
warning: entity 0 was directed to use 22 halite to move north, but only 7 halite was available
At command 1 of 1:
>>> 1   m 0 n


Turn 218
================================================================
warning: entity 0 was directed to use 16 halite to move north, but only 10 halite was available
At command 1 of 1:
>>> 1   m 0 n


Turn 221
================================================================
warning: entity 0 was directed to use 26 halite to move north, but only 10 halite was available
At command 1 of 1:
>>> 1   m 0 n


Turn 224
================================================================
warning: entity 0 was directed to use 42 halite to move north, but only 29 halite was available
At command 1 of 1:
>>> 1   m 0 n


Turn 228
================================================================
warning: entity 0 was directed to use 33 halite to move north, but only 29 halite was available
At command 1 of 1:
>>> 1   m 0 n


Turn 244
================================================================
warning: entity 0 was directed to use 3 halite to move north, but only 0 halite was available
At command 1 of 1:
>>> 1   m 0 n


Turn 246
================================================================
warning: entity 0 was directed to use 10 halite to move north, but only 8 halite was available
At command 1 of 1:
>>> 1   m 0 n


Turn 249
================================================================
warning: entity 0 was directed to use 20 halite to move north, but only 15 halite was available
At command 1 of 1:
>>> 1   m 0 n


Turn 252
================================================================
warning: entity 0 was directed to use 50 halite to move north, but only 31 halite was available
At command 1 of 1:
>>> 1   m 0 n


Turn 259
================================================================
warning: entity 0 was directed to use 30 halite to move north, but only 16 halite was available
At command 1 of 1:
>>> 1   m 0 n


Turn 263
================================================================
warning: entity 0 was directed to use 31 halite to move north, but only 23 halite was available
At command 1 of 1:
>>> 1   m 0 n


Turn 267
================================================================
warning: entity 0 was directed to use 24 halite to move north, but only 4 halite was available
At command 1 of 1:
>>> 1   m 0 n


Turn 280
================================================================
warning: entity 0 was directed to use 7 halite to move north, but only 4 halite was available
At command 1 of 1:
>>> 1   m 0 n


Turn 284
================================================================
warning: entity 0 was directed to use 2 halite to move north, but only 0 halite was available
At command 1 of 1:
>>> 1   m 0 n


Turn 286
================================================================
warning: entity 0 was directed to use 7 halite to move north, but only 6 halite was available
At command 1 of 1:
>>> 1   m 0 n


Turn 289
================================================================
warning: entity 0 was directed to use 15 halite to move north, but only 9 halite was available
At command 1 of 1:
>>> 1   m 0 n


Turn 292
================================================================
warning: entity 0 was directed to use 37 halite to move north, but only 17 halite was available
At command 1 of 1:
>>> 1   m 0 n


Turn 297
================================================================
warning: entity 0 was directed to use 37 halite to move north, but only 28 halite was available
At command 1 of 1:
>>> 1   m 0 n


Turn 303
================================================================
warning: entity 0 was directed to use 23 halite to move north, but only 13 halite was available
At command 1 of 1:
>>> 1   m 0 n


Turn 306
================================================================
warning: entity 0 was directed to use 38 halite to move north, but only 18 halite was available
At command 1 of 1:
>>> 1   m 0 n


Turn 323
================================================================
warning: entity 0 was directed to use 2 halite to move north, but only 0 halite was available
At command 1 of 1:
>>> 1   m 0 n


Turn 326
================================================================
warning: entity 0 was directed to use 11 halite to move north, but only 0 halite was available
At command 1 of 1:
>>> 1   m 0 n


Turn 329
================================================================
warning: entity 0 was directed to use 20 halite to move north, but only 10 halite was available
At command 1 of 1:
>>> 1   m 0 n


Turn 333
================================================================
warning: entity 0 was directed to use 27 halite to move north, but only 7 halite was available
At command 1 of 1:
>>> 1   m 0 n


Turn 338
================================================================
warning: entity 0 was directed to use 22 halite to move north, but only 1 halite was available
At command 1 of 1:
>>> 1   m 0 n


Turn 341
================================================================
warning: entity 0 was directed to use 28 halite to move north, but only 22 halite was available
At command 1 of 1:
>>> 1   m 0 n


Turn 345
================================================================
warning: entity 0 was directed to use 28 halite to move north, but only 17 halite was available
At command 1 of 1:
>>> 1   m 0 n


Turn 360
================================================================
warning: entity 0 was directed to use 8 halite to move north, but only 0 halite was available
At command 1 of 1:
>>> 1   m 0 n


Turn 363
================================================================
warning: entity 0 was directed to use 1 halite to move north, but only 0 halite was available
At command 1 of 1:
>>> 1   m 0 n


Turn 365
================================================================
warning: entity 0 was directed to use 5 halite to move north, but only 3 halite was available
At command 1 of 1:
>>> 1   m 0 n


Turn 368
================================================================
warning: entity 0 was directed to use 11 halite to move north, but only 5 halite was available
At command 1 of 1:
>>> 1   m 0 n


Turn 371
================================================================
warning: entity 0 was directed to use 28 halite to move north, but only 11 halite was available
At command 1 of 1:
>>> 1   m 0 n


Turn 376
================================================================
warning: entity 0 was directed to use 28 halite to move north, but only 13 halite was available
At command 1 of 1:
>>> 1   m 0 n


Turn 381
================================================================
warning: entity 0 was directed to use 21 halite to move north, but only 15 halite was available
At command 1 of 1:
>>> 1   m 0 n


Turn 384
================================================================
warning: entity 0 was directed to use 38 halite to move north, but only 36 halite was available
At command 1 of 1:
>>> 1   m 0 n

