
Turn 9
================================================================
warning: entity 6 was directed to use 8 halite to move west, but only 0 halite was available
At command 4 of 4:
    2   m 4 o
    3   m 0 n
>>> 4   m 6 w

warning: owned entities 0, 6 collided on cell (8, 15) as the result of moves on this turn
At command 3 of 4:
    1   m 2 o
    2   m 4 o
>>> 3   m 0 n
    4   m 6 w


Turn 11
================================================================
warning: owned entities 8, 4 collided on cell (9, 16) as the result of moves on this turn
At command 3 of 3:
    1   m 2 e
    2   m 4 o
>>> 3   m 8 e

