
Turn 7
================================================================
warning: entity 3 was directed to use 9 halite to move south, but only 0 halite was available
At command 3 of 3:
    1   m 2 w
    2   m 1 w
>>> 3   m 3 s


Turn 8
================================================================
warning: entity 1 was directed to use 8 halite to move north, but only 0 halite was available
At command 3 of 4:
    1   m 3 e
    2   m 2 o
>>> 3   m 1 n
    4   g


Turn 10
================================================================
warning: entity 4 was directed to use 6 halite to move east, but only 0 halite was available
At command 2 of 5:
    1   m 3 o
>>> 2   m 4 e
    3   m 2 o
    4   m 1 o


Turn 11
================================================================
warning: owned entities 4, 1 collided on cell (22, 15) as the result of moves on this turn
At command 2 of 5:
    1   m 3 o
>>> 2   m 4 n
    3   m 2 o
    4   m 1 o


Turn 12
================================================================
warning: entity 5 was directed to use 7 halite to move west, but only 0 halite was available
At command 3 of 3:
    1   m 3 w
    2   m 2 s
>>> 3   m 5 w

warning: owned entities 3, 5 collided on cell (23, 15) as the result of moves on this turn
At command 1 of 3:
>>> 1   m 3 w
    2   m 2 s
    3   m 5 w

