
Turn 3
================================================================
warning: entity 1 was directed to use 1 halite to move east, but only 0 halite was available
At command 1 of 2:
>>> 1   m 1 e
    2   g


Turn 7
================================================================
warning: entity 1 was directed to use 2 halite to move west, but only 1 halite was available
At command 2 of 4:
    1   m 2 s
>>> 2   m 1 w
    3   m 3 e
    4   g

warning: entity 3 was directed to use 8 halite to move east, but only 0 halite was available
At command 3 of 4:
    1   m 2 s
    2   m 1 w
>>> 3   m 3 e
    4   g


Turn 9
================================================================
warning: entity 4 was directed to use 6 halite to move east, but only 0 halite was available
At command 4 of 4:
    2   m 1 w
    3   m 3 o
>>> 4   m 4 e

warning: owned entities 2, 4 collided on cell (23, 15) as the result of moves on this turn
At command 1 of 4:
>>> 1   m 2 n
    2   m 1 w
    3   m 3 o


Turn 12
================================================================
warning: entity 1 was directed to use 3 halite to move south, but only 1 halite was available
At command 2 of 3:
    1   m 3 e
>>> 2   m 1 s
    3   m 5 w

warning: entity 5 was directed to use 2 halite to move west, but only 0 halite was available
At command 3 of 3:
    1   m 3 e
    2   m 1 s
>>> 3   m 5 w


Turn 15
================================================================
warning: entity 1 was directed to use 9 halite to move south, but only 5 halite was available
At command 2 of 3:
    1   m 3 s
>>> 2   m 1 s
    3   m 5 s


Turn 16
================================================================
warning: entity 5 was directed to use 3 halite to move south, but only 2 halite was available
At command 3 of 3:
    1   m 1 e
    2   m 3 e
>>> 3   m 5 s


Turn 23
================================================================
warning: entity 5 was directed to use 1 halite to move west, but only 0 halite was available
At command 3 of 3:
    1   m 3 o
    2   m 1 w
>>> 3   m 5 w


Turn 27
================================================================
warning: entity 5 was directed to use 1 halite to move west, but only 0 halite was available
At command 2 of 3:
    1   m 1 e
>>> 2   m 5 w
    3   m 3 e


Turn 30
================================================================
warning: entity 5 was directed to use 6 halite to move west, but only 0 halite was available
At command 3 of 3:
    1   m 3 o
    2   m 1 e
>>> 3   m 5 w


Turn 232
================================================================
warning: owned entities 1, 5 collided on cell (29, 15) as the result of moves on this turn
At command 1 of 3:
>>> 1   m 1 e
    2   m 3 o
    3   m 5 w

Other commands that placed an entity on this cell:
    1   m 1 e
    2   m 3 o
>>> 3   m 5 w

