
Turn 3
================================================================
warning: entity 0 was directed to use 48 halite to move north, but only 0 halite was available
At command 1 of 1:
>>> 1   m 0 n


Turn 9
================================================================
warning: entity 0 was directed to use 9 halite to move north, but only 4 halite was available
At command 1 of 1:
>>> 1   m 0 n


Turn 14
================================================================
warning: entity 0 was directed to use 41 halite to move north, but only 9 halite was available
At command 1 of 1:
>>> 1   m 0 n


Turn 19
================================================================
warning: entity 0 was directed to use 32 halite to move north, but only 19 halite was available
At command 1 of 1:
>>> 1   m 0 n


Turn 22
================================================================
warning: entity 0 was directed to use 82 halite to move north, but only 35 halite was available
At command 1 of 1:
>>> 1   m 0 n


Turn 29
================================================================
warning: entity 0 was directed to use 29 halite to move north, but only 22 halite was available
At command 1 of 1:
>>> 1   m 0 n


Turn 35
================================================================
warning: entity 0 was directed to use 35 halite to move north, but only 5 halite was available
At command 1 of 1:
>>> 1   m 0 n


Turn 39
================================================================
warning: entity 0 was directed to use 18 halite to move north, but only 12 halite was available
At command 1 of 1:
>>> 1   m 0 n


Turn 43
================================================================
warning: entity 0 was directed to use 36 halite to move north, but only 0 halite was available
At command 1 of 1:
>>> 1   m 0 n


Turn 47
================================================================
warning: entity 0 was directed to use 31 halite to move north, but only 26 halite was available
At command 1 of 1:
>>> 1   m 0 n


Turn 55
================================================================
warning: entity 0 was directed to use 33 halite to move north, but only 20 halite was available
At command 1 of 1:
>>> 1   m 0 n


Turn 60
================================================================
warning: entity 0 was directed to use 41 halite to move north, but only 25 halite was available
At command 1 of 1:
>>> 1   m 0 n


Turn 63
================================================================
warning: entity 0 was directed to use 38 halite to move north, but only 37 halite was available
At command 1 of 1:
>>> 1   m 0 n


Turn 68
================================================================
warning: entity 0 was directed to use 17 halite to move north, but only 3 halite was available
At command 1 of 1:
>>> 1   m 0 n


Turn 71
================================================================
warning: entity 0 was directed to use 33 halite to move north, but only 14 halite was available
At command 1 of 1:
>>> 1   m 0 n


Turn 77
================================================================
warning: entity 0 was directed to use 28 halite to move north, but only 11 halite was available
At command 1 of 1:
>>> 1   m 0 n


Turn 81
================================================================
warning: entity 0 was directed to use 30 halite to move north, but only 23 halite was available
At command 1 of 1:
>>> 1   m 0 n


Turn 84
================================================================
warning: entity 0 was directed to use 27 halite to move north, but only 0 halite was available
At command 1 of 1:
>>> 1   m 0 n


Turn 88
================================================================
warning: entity 0 was directed to use 23 halite to move north, but only 10 halite was available
At command 1 of 1:
>>> 1   m 0 n


Turn 95
================================================================
warning: entity 0 was directed to use 31 halite to move north, but only 21 halite was available
At command 1 of 1:
>>> 1   m 0 n


Turn 100
================================================================
warning: entity 0 was directed to use 24 halite to move north, but only 21 halite was available
At command 1 of 1:
>>> 1   m 0 n


Turn 103
================================================================
warning: entity 0 was directed to use 61 halite to move north, but only 34 halite was available
At command 1 of 1:
>>> 1   m 0 n


Turn 109
================================================================
warning: entity 0 was directed to use 13 halite to move north, but only 10 halite was available
At command 1 of 1:
>>> 1   m 0 n


Turn 112
================================================================
warning: entity 0 was directed to use 24 halite to move north, but only 13 halite was available
At command 1 of 1:
>>> 1   m 0 n


Turn 117
================================================================
warning: entity 0 was directed to use 26 halite to move north, but only 21 halite was available
At command 1 of 1:
>>> 1   m 0 n


Turn 122
================================================================
warning: entity 0 was directed to use 23 halite to move north, but only 7 halite was available
At command 1 of 1:
>>> 1   m 0 n


Turn 125
================================================================
warning: entity 0 was directed to use 20 halite to move north, but only 0 halite was available
At command 1 of 1:
>>> 1   m 0 n


Turn 128
================================================================
warning: entity 0 was directed to use 19 halite to move north, but only 16 halite was available
At command 1 of 1:
>>> 1   m 0 n


Turn 136
================================================================
warning: entity 0 was directed to use 23 halite to move north, but only 3 halite was available
At command 1 of 1:
>>> 1   m 0 n


Turn 140
================================================================
warning: entity 0 was directed to use 16 halite to move north, but only 5 halite was available
At command 1 of 1:
>>> 1   m 0 n


Turn 143
================================================================
warning: entity 0 was directed to use 30 halite to move north, but only 16 halite was available
At command 1 of 1:
>>> 1   m 0 n


Turn 146
================================================================
warning: entity 0 was directed to use 29 halite to move north, but only 25 halite was available
At command 1 of 1:
>>> 1   m 0 n


Turn 149
================================================================
warning: entity 0 was directed to use 44 halite to move north, but only 40 halite was available
At command 1 of 1:
>>> 1   m 0 n


Turn 158
================================================================
warning: entity 0 was directed to use 19 halite to move north, but only 11 halite was available
At command 1 of 1:
>>> 1   m 0 n


Turn 161
================================================================
warning: entity 0 was directed to use 27 halite to move north, but only 26 halite was available
At command 1 of 1:
>>> 1   m 0 n


Turn 166
================================================================
warning: entity 0 was directed to use 15 halite to move north, but only 0 halite was available
At command 1 of 1:
>>> 1   m 0 n


Turn 169
================================================================
warning: entity 0 was directed to use 14 halite to move north, but only 8 halite was available
At command 1 of 1:
>>> 1   m 0 n


Turn 173
================================================================
warning: entity 0 was directed to use 6 halite to move north, but only 5 halite was available
At command 1 of 1:
>>> 1   m 0 n


Turn 178
================================================================
warning: entity 0 was directed to use 17 halite to move north, but only 5 halite was available
At command 1 of 1:
>>> 1   m 0 n


Turn 181
================================================================
warning: entity 0 was directed to use 14 halite to move north, but only 11 halite was available
At command 1 of 1:
>>> 1   m 0 n


Turn 185
================================================================
warning: entity 0 was directed to use 23 halite to move north, but only 8 halite was available
At command 1 of 1:
>>> 1   m 0 n


Turn 188
================================================================
warning: entity 0 was directed to use 21 halite to move north, but only 3 halite was available
At command 1 of 1:
>>> 1   m 0 n


Turn 191
================================================================
warning: entity 0 was directed to use 33 halite to move north, but only 5 halite was available
At command 1 of 1:
>>> 1   m 0 n


Turn 196
================================================================
warning: entity 0 was directed to use 18 halite to move north, but only 11 halite was available
At command 1 of 1:
>>> 1   m 0 n


Turn 201
================================================================
warning: entity 0 was directed to use 14 halite to move north, but only 9 halite was available
At command 1 of 1:
>>> 1   m 0 n


Turn 204
================================================================
warning: entity 0 was directed to use 20 halite to move north, but only 14 halite was available
At command 1 of 1:
>>> 1   m 0 n


Turn 209
================================================================
warning: entity 0 was directed to use 11 halite to move north, but only 0 halite was available
At command 1 of 1:
>>> 1   m 0 n


Turn 212
================================================================
warning: entity 0 was directed to use 10 halite to move north, but only 1 halite was available
At command 1 of 1:
>>> 1   m 0 n


Turn 215
================================================================
warning: entity 0 was directed to use 12 halite to move north, but only 3 halite was available
At command 1 of 1:
>>> 1   m 0 n


Turn 221
================================================================
warning: entity 0 was directed to use 13 halite to move north, but only 8 halite was available
At command 1 of 1:
>>> 1   m 0 n


Turn 224
================================================================
warning: entity 0 was directed to use 10 halite to move north, but only 7 halite was available
At command 1 of 1:
>>> 1   m 0 n


Turn 227
================================================================
warning: entity 0 was directed to use 18 halite to move north, but only 15 halite was available
At command 1 of 1:
>>> 1   m 0 n


Turn 230
================================================================
warning: entity 0 was directed to use 46 halite to move north, but only 31 halite was available
At command 1 of 1:
>>> 1   m 0 n


Turn 237
================================================================
warning: entity 0 was directed to use 21 halite to move north, but only 4 halite was available
At command 1 of 1:
>>> 1   m 0 n


Turn 242
================================================================
warning: entity 0 was directed to use 7 halite to move north, but only 1 halite was available
At command 1 of 1:
>>> 1   m 0 n


Turn 245
================================================================
warning: entity 0 was directed to use 21 halite to move north, but only 5 halite was available
At command 1 of 1:
>>> 1   m 0 n


Turn 249
================================================================
warning: entity 0 was directed to use 17 halite to move north, but only 15 halite was available
At command 1 of 1:
>>> 1   m 0 n


Turn 252
================================================================
warning: entity 0 was directed to use 8 halite to move north, but only 0 halite was available
At command 1 of 1:
>>> 1   m 0 n


Turn 254
================================================================
warning: entity 0 was directed to use 20 halite to move north, but only 16 halite was available
At command 1 of 1:
>>> 1   m 0 n


Turn 262
================================================================
warning: entity 0 was directed to use 7 halite to move north, but only 6 halite was available
At command 1 of 1:
>>> 1   m 0 n


Turn 265
================================================================
warning: entity 0 was directed to use 25 halite to move north, but only 12 halite was available
At command 1 of 1:
>>> 1   m 0 n


Turn 271
================================================================
warning: entity 0 was directed to use 34 halite to move north, but only 7 halite was available
At command 1 of 1:
>>> 1   m 0 n


Turn 275
================================================================
warning: entity 0 was directed to use 24 halite to move north, but only 16 halite was available
At command 1 of 1:
>>> 1   m 0 n


Turn 280
================================================================
warning: entity 0 was directed to use 13 halite to move north, but only 12 halite was available
At command 1 of 1:
>>> 1   m 0 n


Turn 285
================================================================
warning: entity 0 was directed to use 11 halite to move north, but only 3 halite was available
At command 1 of 1:
>>> 1   m 0 n


Turn 288
================================================================
warning: entity 0 was directed to use 15 halite to move north, but only 7 halite was available
At command 1 of 1:
>>> 1   m 0 n


Turn 293
================================================================
warning: entity 0 was directed to use 6 halite to move north, but only 0 halite was available
At command 1 of 1:
>>> 1   m 0 n


Turn 295
================================================================
warning: entity 0 was directed to use 15 halite to move north, but only 12 halite was available
At command 1 of 1:
>>> 1   m 0 n


Turn 301
================================================================
warning: entity 0 was directed to use 4 halite to move north, but only 0 halite was available
At command 1 of 1:
>>> 1   m 0 n


Turn 305
================================================================
warning: entity 0 was directed to use 9 halite to move north, but only 2 halite was available
At command 1 of 1:
>>> 1   m 0 n


Turn 308
================================================================
warning: entity 0 was directed to use 8 halite to move north, but only 2 halite was available
At command 1 of 1:
>>> 1   m 0 n


Turn 311
================================================================
warning: entity 0 was directed to use 13 halite to move north, but only 5 halite was available
At command 1 of 1:
>>> 1   m 0 n


Turn 314
================================================================
warning: entity 0 was directed to use 25 halite to move north, but only 12 halite was available
At command 1 of 1:
>>> 1   m 0 n


Turn 318
================================================================
warning: entity 0 was directed to use 18 halite to move north, but only 5 halite was available
At command 1 of 1:
>>> 1   m 0 n


Turn 322
================================================================
warning: entity 0 was directed to use 16 halite to move north, but only 7 halite was available
At command 1 of 1:
>>> 1   m 0 n


Turn 326
================================================================
warning: entity 0 was directed to use 19 halite to move north, but only 16 halite was available
At command 1 of 1:
>>> 1   m 0 n


Turn 332
================================================================
warning: entity 0 was directed to use 13 halite to move north, but only 11 halite was available
At command 1 of 1:
>>> 1   m 0 n


Turn 336
================================================================
warning: entity 0 was directed to use 4 halite to move north, but only 0 halite was available
At command 1 of 1:
>>> 1   m 0 n


Turn 338
================================================================
warning: entity 0 was directed to use 11 halite to move north, but only 9 halite was available
At command 1 of 1:
>>> 1   m 0 n


Turn 342
================================================================
warning: entity 0 was directed to use 9 halite to move north, but only 4 halite was available
At command 1 of 1:
>>> 1   m 0 n


Turn 349
================================================================
warning: entity 0 was directed to use 18 halite to move north, but only 0 halite was available
At command 1 of 1:
>>> 1   m 0 n


Turn 354
================================================================
warning: entity 0 was directed to use 17 halite to move north, but only 6 halite was available
At command 1 of 1:
>>> 1   m 0 n


Turn 358
================================================================
warning: entity 0 was directed to use 37 halite to move north, but only 3 halite was available
At command 1 of 1:
>>> 1   m 0 n


Turn 365
================================================================
warning: entity 0 was directed to use 10 halite to move north, but only 3 halite was available
At command 1 of 1:
>>> 1   m 0 n


Turn 369
================================================================
warning: entity 0 was directed to use 8 halite to move north, but only 3 halite was available
At command 1 of 1:
>>> 1   m 0 n


Turn 372
================================================================
warning: entity 0 was directed to use 11 halite to move north, but only 2 halite was available
At command 1 of 1:
>>> 1   m 0 n


Turn 377
================================================================
warning: entity 0 was directed to use 3 halite to move north, but only 0 halite was available
At command 1 of 1:
>>> 1   m 0 n


Turn 379
================================================================
warning: entity 0 was directed to use 8 halite to move north, but only 7 halite was available
At command 1 of 1:
>>> 1   m 0 n


Turn 382
================================================================
warning: entity 0 was directed to use 17 halite to move north, but only 14 halite was available
At command 1 of 1:
>>> 1   m 0 n


Turn 391
================================================================
warning: entity 0 was directed to use 6 halite to move north, but only 4 halite was available
At command 1 of 1:
>>> 1   m 0 n


Turn 394
================================================================
warning: entity 0 was directed to use 10 halite to move north, but only 3 halite was available
At command 1 of 1:
>>> 1   m 0 n


Turn 397
================================================================
warning: entity 0 was directed to use 19 halite to move north, but only 10 halite was available
At command 1 of 1:
>>> 1   m 0 n

