
Turn 3
================================================================
warning: entity 0 was directed to use 15 halite to move north, but only 0 halite was available
At command 1 of 1:
>>> 1   m 0 n


Turn 15
================================================================
warning: entity 0 was directed to use 6 halite to move north, but only 3 halite was available
At command 1 of 1:
>>> 1   m 0 n


Turn 18
================================================================
warning: entity 0 was directed to use 11 halite to move north, but only 4 halite was available
At command 1 of 1:
>>> 1   m 0 n


Turn 25
================================================================
warning: entity 0 was directed to use 18 halite to move north, but only 1 halite was available
At command 1 of 1:
>>> 1   m 0 n


Turn 34
================================================================
warning: entity 0 was directed to use 12 halite to move north, but only 1 halite was available
At command 1 of 1:
>>> 1   m 0 n


Turn 40
================================================================
warning: entity 0 was directed to use 11 halite to move north, but only 0 halite was available
At command 1 of 1:
>>> 1   m 0 n


Turn 51
================================================================
warning: entity 0 was directed to use 4 halite to move north, but only 0 halite was available
At command 1 of 1:
>>> 1   m 0 n


Turn 54
================================================================
warning: entity 0 was directed to use 11 halite to move north, but only 6 halite was available
At command 1 of 1:
>>> 1   m 0 n


Turn 61
================================================================
warning: entity 0 was directed to use 6 halite to move north, but only 1 halite was available
At command 1 of 1:
>>> 1   m 0 n


Turn 63
================================================================
warning: entity 0 was directed to use 14 halite to move north, but only 13 halite was available
At command 1 of 1:
>>> 1   m 0 n


Turn 72
================================================================
warning: entity 0 was directed to use 9 halite to move north, but only 5 halite was available
At command 1 of 1:
>>> 1   m 0 n


Turn 78
================================================================
warning: entity 0 was directed to use 8 halite to move north, but only 0 halite was available
At command 1 of 1:
>>> 1   m 0 n


Turn 83
================================================================
warning: entity 0 was directed to use 5 halite to move north, but only 3 halite was available
At command 1 of 1:
>>> 1   m 0 n


Turn 92
================================================================
warning: entity 0 was directed to use 8 halite to move north, but only 2 halite was available
At command 1 of 1:
>>> 1   m 0 n


Turn 98
================================================================
warning: entity 0 was directed to use 11 halite to move north, but only 2 halite was available
At command 1 of 1:
>>> 1   m 0 n


Turn 102
================================================================
warning: entity 0 was directed to use 18 halite to move north, but only 9 halite was available
At command 1 of 1:
>>> 1   m 0 n


Turn 115
================================================================
warning: entity 0 was directed to use 6 halite to move north, but only 0 halite was available
At command 1 of 1:
>>> 1   m 0 n


Turn 120
================================================================
warning: entity 0 was directed to use 4 halite to move north, but only 0 halite was available
At command 1 of 1:
>>> 1   m 0 n


Turn 128
================================================================
warning: entity 0 was directed to use 4 halite to move north, but only 1 halite was available
At command 1 of 1:
>>> 1   m 0 n


Turn 131
================================================================
warning: entity 0 was directed to use 8 halite to move north, but only 4 halite was available
At command 1 of 1:
>>> 1   m 0 n


Turn 137
================================================================
warning: entity 0 was directed to use 5 halite to move north, but only 4 halite was available
At command 1 of 1:
>>> 1   m 0 n


Turn 140
================================================================
warning: entity 0 was directed to use 13 halite to move north, but only 4 halite was available
At command 1 of 1:
>>> 1   m 0 n


Turn 150
================================================================
warning: entity 0 was directed to use 5 halite to move north, but only 2 halite was available
At command 1 of 1:
>>> 1   m 0 n


Turn 154
================================================================
warning: entity 0 was directed to use 4 halite to move north, but only 0 halite was available
At command 1 of 1:
>>> 1   m 0 n


Turn 157
================================================================
warning: entity 0 was directed to use 9 halite to move north, but only 5 halite was available
At command 1 of 1:
>>> 1   m 0 n


Turn 169
================================================================
warning: entity 0 was directed to use 6 halite to move north, but only 3 halite was available
At command 1 of 1:
>>> 1   m 0 n


Turn 175
================================================================
warning: entity 0 was directed to use 3 halite to move north, but only 0 halite was available
At command 1 of 1:
>>> 1   m 0 n


Turn 177
================================================================
warning: entity 0 was directed to use 10 halite to move north, but only 8 halite was available
At command 1 of 1:
>>> 1   m 0 n


Turn 186
================================================================
warning: entity 0 was directed to use 6 halite to move north, but only 2 halite was available
At command 1 of 1:
>>> 1   m 0 n


Turn 192
================================================================
warning: entity 0 was directed to use 3 halite to move north, but only 0 halite was available
At command 1 of 1:
>>> 1   m 0 n


Turn 195
================================================================
warning: entity 0 was directed to use 6 halite to move north, but only 3 halite was available
At command 1 of 1:
>>> 1   m 0 n


Turn 206
================================================================
warning: entity 0 was directed to use 6 halite to move north, but only 2 halite was available
At command 1 of 1:
>>> 1   m 0 n


Turn 212
================================================================
warning: entity 0 was directed to use 8 halite to move north, but only 3 halite was available
At command 1 of 1:
>>> 1   m 0 n


Turn 217
================================================================
warning: entity 0 was directed to use 3 halite to move north, but only 1 halite was available
At command 1 of 1:
>>> 1   m 0 n


Turn 223
================================================================
warning: entity 0 was directed to use 11 halite to move north, but only 5 halite was available
At command 1 of 1:
>>> 1   m 0 n


Turn 230
================================================================
warning: entity 0 was directed to use 2 halite to move north, but only 0 halite was available
At command 1 of 1:
>>> 1   m 0 n


Turn 233
================================================================
warning: entity 0 was directed to use 5 halite to move north, but only 1 halite was available
At command 1 of 1:
>>> 1   m 0 n


Turn 243
================================================================
warning: entity 0 was directed to use 3 halite to move north, but only 1 halite was available
At command 1 of 1:
>>> 1   m 0 n


Turn 247
================================================================
warning: entity 0 was directed to use 7 halite to move north, but only 0 halite was available
At command 1 of 1:
>>> 1   m 0 n


Turn 253
================================================================
warning: entity 0 was directed to use 7 halite to move north, but only 5 halite was available
At command 1 of 1:
>>> 1   m 0 n


Turn 261
================================================================
warning: entity 0 was directed to use 8 halite to move north, but only 6 halite was available
At command 1 of 1:
>>> 1   m 0 n


Turn 268
================================================================
warning: entity 0 was directed to use 2 halite to move north, but only 0 halite was available
At command 1 of 1:
>>> 1   m 0 n


Turn 271
================================================================
warning: entity 0 was directed to use 3 halite to move north, but only 0 halite was available
At command 1 of 1:
>>> 1   m 0 n


Turn 280
================================================================
warning: entity 0 was directed to use 3 halite to move north, but only 1 halite was available
At command 1 of 1:
>>> 1   m 0 n


Turn 284
================================================================
warning: entity 0 was directed to use 4 halite to move north, but only 2 halite was available
At command 1 of 1:
>>> 1   m 0 n


Turn 290
================================================================
warning: entity 0 was directed to use 2 halite to move north, but only 0 halite was available
At command 1 of 1:
>>> 1   m 0 n


Turn 293
================================================================
warning: entity 0 was directed to use 10 halite to move north, but only 0 halite was available
At command 1 of 1:
>>> 1   m 0 n


Turn 302
================================================================
warning: entity 0 was directed to use 5 halite to move north, but only 4 halite was available
At command 1 of 1:
>>> 1   m 0 n


Turn 307
================================================================
warning: entity 0 was directed to use 1 halite to move north, but only 0 halite was available
At command 1 of 1:
>>> 1   m 0 n


Turn 309
================================================================
warning: entity 0 was directed to use 4 halite to move north, but only 3 halite was available
At command 1 of 1:
>>> 1   m 0 n


Turn 320
================================================================
warning: entity 0 was directed to use 2 halite to move north, but only 0 halite was available
At command 1 of 1:
>>> 1   m 0 n


Turn 323
================================================================
warning: entity 0 was directed to use 3 halite to move north, but only 1 halite was available
At command 1 of 1:
>>> 1   m 0 n


Turn 328
================================================================
warning: entity 0 was directed to use 6 halite to move north, but only 2 halite was available
At command 1 of 1:
>>> 1   m 0 n


Turn 333
================================================================
warning: entity 0 was directed to use 2 halite to move north, but only 1 halite was available
At command 1 of 1:
>>> 1   m 0 n


Turn 339
================================================================
warning: entity 0 was directed to use 6 halite to move north, but only 4 halite was available
At command 1 of 1:
>>> 1   m 0 n


Turn 344
================================================================
warning: entity 0 was directed to use 5 halite to move north, but only 3 halite was available
At command 1 of 1:
>>> 1   m 0 n


Turn 347
================================================================
warning: entity 0 was directed to use 1 halite to move north, but only 0 halite was available
At command 1 of 1:
>>> 1   m 0 n


Turn 350
================================================================
warning: entity 0 was directed to use 2 halite to move north, but only 0 halite was available
At command 1 of 1:
>>> 1   m 0 n


Turn 357
================================================================
warning: entity 0 was directed to use 1 halite to move north, but only 0 halite was available
At command 1 of 1:
>>> 1   m 0 n


Turn 361
================================================================
warning: entity 0 was directed to use 2 halite to move north, but only 0 halite was available
At command 1 of 1:
>>> 1   m 0 n


Turn 364
================================================================
warning: entity 0 was directed to use 2 halite to move north, but only 0 halite was available
At command 1 of 1:
>>> 1   m 0 n


Turn 368
================================================================
warning: entity 0 was directed to use 1 halite to move north, but only 0 halite was available
At command 1 of 1:
>>> 1   m 0 n


Turn 371
================================================================
warning: entity 0 was directed to use 2 halite to move north, but only 0 halite was available
At command 1 of 1:
>>> 1   m 0 n


Turn 373
================================================================
warning: entity 0 was directed to use 5 halite to move north, but only 4 halite was available
At command 1 of 1:
>>> 1   m 0 n


Turn 382
================================================================
warning: entity 0 was directed to use 5 halite to move north, but only 1 halite was available
At command 1 of 1:
>>> 1   m 0 n


Turn 389
================================================================
warning: entity 0 was directed to use 3 halite to move north, but only 0 halite was available
At command 1 of 1:
>>> 1   m 0 n


Turn 395
================================================================
warning: entity 0 was directed to use 2 halite to move north, but only 1 halite was available
At command 1 of 1:
>>> 1   m 0 n

