
Turn 6
================================================================
warning: owned entities 3, 2 collided on cell (23, 17) as the result of moves on this turn
At command 3 of 3:
    1   m 1 w
    2   m 2 o
>>> 3   m 3 s


Turn 9
================================================================
warning: owned entities 4, 1 collided on cell (23, 15) as the result of moves on this turn
At command 2 of 2:
    1   m 1 o
>>> 2   m 4 n


Turn 237
================================================================
warning: entity 5 was directed to use 9 halite to move south, but only 0 halite was available
At command 1 of 1:
>>> 1   m 5 s


Turn 261
================================================================
warning: entity 5 was directed to use 7 halite to move east, but only 0 halite was available
At command 1 of 1:
>>> 1   m 5 e

